------------------------------------------
系统中的【进程数】:	4
进程的【资源类型数】:	3
------------------------------------------
	Max	Allocation	Need	Avalable
	A B C	A B C		A B C	A B C
P(0):  3 2 2 	1 0 0 		2 2 2 	2 1 2 
P(1):  6 1 3 	4 1 1 		2 0 2 	
P(2):  3 1 4 	2 1 1 		1 0 3 	
P(3):  4 2 2 	0 0 2 		4 2 0 	
------------------------------------------
存在一个安全序列，安全序列为:
P1-->P2-->P3-->P0
----------------------------------------------------
请输入要申请的第几个进程，注意进程p下标是从0开始的
系统自动输入为：1
第1个进程提出请求
输入要请求的资源Request:
系统自动输入为：1
系统自动输入为：0
系统自动输入为：1
试分配如下-------->
------------------------------------------
系统中的【进程数】:	4
进程的【资源类型数】:	3
------------------------------------------
	Max	Allocation	Need	Avalable
	A B C	A B C		A B C	A B C
P(0):  3 2 2 	2 0 1 		1 2 1 	1 1 1 
P(1):  6 1 3 	4 1 1 		2 0 2 	
P(2):  3 1 4 	2 1 1 		1 0 3 	
P(3):  4 2 2 	0 0 2 		4 2 0 	
------------------------------------------
进行安全性判断
没有找到一个安全序列，系统处于不安全状态！
请输入要申请的第几个进程，注意进程p下标是从0开始的
系统自动输入为：2
第2个进程提出请求
输入要请求的资源Request:
系统自动输入为：1
系统自动输入为：0
系统自动输入为：1
试分配如下-------->
------------------------------------------
系统中的【进程数】:	4
进程的【资源类型数】:	3
------------------------------------------
	Max	Allocation	Need	Avalable
	A B C	A B C		A B C	A B C
P(0):  3 2 2 	1 0 0 		2 2 2 	1 1 1 
P(1):  6 1 3 	5 1 2 		1 0 1 	
P(2):  3 1 4 	2 1 1 		1 0 3 	
P(3):  4 2 2 	0 0 2 		4 2 0 	
------------------------------------------
进行安全性判断
存在一个安全序列，安全序列为:
P1-->P2-->P3-->P0
----------------------------------------------------
请输入要申请的第几个进程，注意进程p下标是从0开始的
系统自动输入为：1
第1个进程提出请求
输入要请求的资源Request:
系统自动输入为：1
系统自动输入为：0
系统自动输入为：1
试分配如下-------->
------------------------------------------
系统中的【进程数】:	4
进程的【资源类型数】:	3
------------------------------------------
	Max	Allocation	Need	Avalable
	A B C	A B C		A B C	A B C
P(0):  3 2 2 	2 0 1 		1 2 1 	0 1 0 
P(1):  6 1 3 	5 1 2 		1 0 1 	
P(2):  3 1 4 	2 1 1 		1 0 3 	
P(3):  4 2 2 	0 0 2 		4 2 0 	
------------------------------------------
进行安全性判断
没有找到一个安全序列，系统处于不安全状态！
